{
  message: ' Database is Connected Successfully',
  level: 'info',
  label: 'PH',
  timestamp: '2023-06-16T10:01:22.342Z'
}
{
  message: 'App Listening on port 5000',
  level: 'info',
  label: 'PH',
  timestamp: '2023-06-16T10:01:22.354Z'
}
{
  message: ' Database is Connected Successfully',
  level: 'info',
  label: 'PH',
  timestamp: '2023-06-16T10:03:21.198Z'
}
{
  message: 'App Listening on port 5000',
  level: 'info',
  label: 'PH',
  timestamp: '2023-06-16T10:03:21.211Z'
}
{
  message: ' Database is Connected Successfully',
  level: 'info',
  label: 'PH',
  timestamp: '2023-06-16T10:06:52.987Z'
}
{
  message: 'App Listening on port 5000',
  level: 'info',
  label: 'PH',
  timestamp: '2023-06-16T10:06:52.999Z'
}
{
  message: ' Database is Connected Successfully',
  level: 'info',
  label: 'PH',
  timestamp: '2023-06-16T10:07:24.493Z'
}
{
  message: 'App Listening on port 5000',
  level: 'info',
  label: 'PH',
  timestamp: '2023-06-16T10:07:24.508Z'
}
{
  message: ' Database is Connected Successfully',
  level: 'info',
  label: 'PH',
  timestamp: '2023-06-16T10:09:38.887Z'
}
{
  message: 'App Listening on port 5000',
  level: 'info',
  label: 'PH',
  timestamp: '2023-06-16T10:09:38.905Z'
}
{
  message: ' Database is Connected Successfully',
  level: 'info',
  label: 'PH',
  timestamp: '2023-06-16T10:12:00.613Z'
}
{
  message: 'App Listening on port 5000',
  level: 'info',
  label: 'PH',
  timestamp: '2023-06-16T10:12:00.665Z'
}
{
  message: ' Database is Connected Successfully',
  level: 'info',
  label: 'PH',
  timestamp: '2023-06-16T10:12:21.016Z'
}
{
  message: 'App Listening on port 5000',
  level: 'info',
  label: 'PH',
  timestamp: '2023-06-16T10:12:21.072Z'
}
{
  message: ' Database is Connected Successfully',
  level: 'info',
  label: 'PH',
  timestamp: '2023-06-16T10:12:29.513Z'
}
{
  message: 'App Listening on port 5000',
  level: 'info',
  label: 'PH',
  timestamp: '2023-06-16T10:12:29.550Z'
}
{
  message: ' Database is Connected Successfully',
  level: 'info',
  label: 'PH',
  timestamp: '2023-06-16T10:19:58.302Z'
}
{
  message: 'App Listening on port 5000',
  level: 'info',
  label: 'PH',
  timestamp: '2023-06-16T10:19:58.314Z'
}
{
  message: ' Database is Connected Successfully',
  level: 'info',
  label: 'PH',
  timestamp: '2023-06-16T10:21:57.917Z'
}
{
  message: 'App Listening on port 5000',
  level: 'info',
  label: 'PH',
  timestamp: '2023-06-16T10:21:57.969Z'
}
{
  message: ' Database is Connected Successfully',
  level: 'info',
  label: 'PH',
  timestamp: '2023-06-16T10:22:06.220Z'
}
{
  message: 'App Listening on port 5000',
  level: 'info',
  label: 'PH',
  timestamp: '2023-06-16T10:22:06.231Z'
}
{
  message: ' Database is Connected Successfully',
  level: 'info',
  label: 'PH',
  timestamp: '2023-06-16T10:22:46.818Z'
}
{
  message: 'App Listening on port 5000',
  level: 'info',
  label: 'PH',
  timestamp: '2023-06-16T10:22:46.829Z'
}
{
  message: ' Database is Connected Successfully',
  level: 'info',
  label: 'PH',
  timestamp: '2023-06-16T10:23:41.181Z'
}
{
  message: 'App Listening on port 5000',
  level: 'info',
  label: 'PH',
  timestamp: '2023-06-16T10:23:41.192Z'
}
{
  message: ' Database is Connected Successfully',
  level: 'info',
  label: 'PH',
  timestamp: '2023-06-16T10:23:58.153Z'
}
{
  message: 'App Listening on port 5000',
  level: 'info',
  label: 'PH',
  timestamp: '2023-06-16T10:23:58.164Z'
}
{
  message: ' Database is Connected Successfully',
  level: 'info',
  label: 'PH',
  timestamp: '2023-06-16T10:24:29.691Z'
}
{
  message: 'App Listening on port 5000',
  level: 'info',
  label: 'PH',
  timestamp: '2023-06-16T10:24:29.703Z'
}
{
  message: ' Database is Connected Successfully',
  level: 'info',
  label: 'PH',
  timestamp: '2023-06-16T10:25:08.928Z'
}
{
  message: 'App Listening on port 5000',
  level: 'info',
  label: 'PH',
  timestamp: '2023-06-16T10:25:08.952Z'
}
{
  message: ' Database is Connected Successfully',
  level: 'info',
  label: 'PH',
  timestamp: '2023-06-16T10:26:53.901Z'
}
{
  message: 'App Listening on port 5000',
  level: 'info',
  label: 'PH',
  timestamp: '2023-06-16T10:26:53.914Z'
}
{
  message: ' Database is Connected Successfully',
  level: 'info',
  label: 'PH',
  timestamp: '2023-06-16T10:29:27.675Z'
}
{
  message: 'App Listening on port 5000',
  level: 'info',
  label: 'PH',
  timestamp: '2023-06-16T10:29:27.687Z'
}
{
  message: ' Database is Connected Successfully',
  level: 'info',
  label: 'PH',
  timestamp: '2023-06-16T10:30:06.926Z'
}
{
  message: 'App Listening on port 5000',
  level: 'info',
  label: 'PH',
  timestamp: '2023-06-16T10:30:06.938Z'
}
{
  message: ' Database is Connected Successfully',
  level: 'info',
  label: 'PH',
  timestamp: '2023-06-16T10:31:08.361Z'
}
{
  message: 'App Listening on port 5000',
  level: 'info',
  label: 'PH',
  timestamp: '2023-06-16T10:31:08.375Z'
}
{
  message: ' Database is Connected Successfully',
  level: 'info',
  label: 'PH',
  timestamp: '2023-06-16T10:31:51.549Z'
}
{
  message: 'App Listening on port 5000',
  level: 'info',
  label: 'PH',
  timestamp: '2023-06-16T10:31:51.599Z'
}
{
  message: ' Database is Connected Successfully',
  level: 'info',
  label: 'PH',
  timestamp: '2023-06-16T10:33:07.377Z'
}
{
  message: 'App Listening on port 5000',
  level: 'info',
  label: 'PH',
  timestamp: '2023-06-16T10:33:07.440Z'
}
{
  message: ' Database is Connected Successfully',
  level: 'info',
  label: 'PH',
  timestamp: '2023-06-16T10:34:49.400Z'
}
{
  message: 'App Listening on port 5000',
  level: 'info',
  label: 'PH',
  timestamp: '2023-06-16T10:34:49.415Z'
}
{
  message: ' Database is Connected Successfully',
  level: 'info',
  label: 'PH',
  timestamp: '2023-06-16T10:35:08.674Z'
}
{
  message: 'App Listening on port 5000',
  level: 'info',
  label: 'PH',
  timestamp: '2023-06-16T10:35:08.688Z'
}
{
  message: ' Database is Connected Successfully',
  level: 'info',
  label: 'PH',
  timestamp: '2023-06-16T10:38:56.144Z'
}
{
  message: 'App Listening on port 5000',
  level: 'info',
  label: 'PH',
  timestamp: '2023-06-16T10:38:56.183Z'
}
{
  message: ' Database is Connected Successfully',
  level: 'info',
  label: 'PH',
  timestamp: '2023-06-16T10:41:40.878Z'
}
{
  message: 'App Listening on port 5000',
  level: 'info',
  label: 'PH',
  timestamp: '2023-06-16T10:41:40.898Z'
}
{
  message: ' Database is Connected Successfully',
  level: 'info',
  label: 'PH',
  timestamp: '2023-06-16T10:43:11.114Z'
}
{
  message: 'App Listening on port 5000',
  level: 'info',
  label: 'PH',
  timestamp: '2023-06-16T10:43:11.127Z'
}
{
  message: ' Database is Connected Successfully',
  level: 'info',
  label: 'PH',
  timestamp: '2023-06-16T10:43:17.771Z'
}
{
  message: 'App Listening on port 5000',
  level: 'info',
  label: 'PH',
  timestamp: '2023-06-16T10:43:17.799Z'
}
{
  message: ' Database is Connected Successfully',
  level: 'info',
  label: 'PH',
  timestamp: '2023-06-16T10:43:28.388Z'
}
{
  message: 'App Listening on port 5000',
  level: 'info',
  label: 'PH',
  timestamp: '2023-06-16T10:43:28.398Z'
}
{
  message: ' Database is Connected Successfully',
  level: 'info',
  label: 'PH',
  timestamp: '2023-06-16T10:45:10.156Z'
}
{
  message: 'App Listening on port 5000',
  level: 'info',
  label: 'PH',
  timestamp: '2023-06-16T10:45:10.173Z'
}
