{
  message: ' Database is Connected Successfully',
  level: 'info',
  label: 'PH',
  timestamp: '2023-06-14T10:11:37.117Z'
}
{
  message: 'App Listening on port 5000',
  level: 'info',
  label: 'PH',
  timestamp: '2023-06-14T10:11:37.130Z'
}
{
  message: ' Database is Connected Successfully',
  level: 'info',
  label: 'PH',
  timestamp: '2023-06-14T10:12:53.940Z'
}
{
  message: 'App Listening on port 5000',
  level: 'info',
  label: 'PH',
  timestamp: '2023-06-14T10:12:53.952Z'
}
{
  message: ' Database is Connected Successfully',
  level: 'info',
  label: 'PH',
  timestamp: '2023-06-14T10:14:16.455Z'
}
{
  message: 'App Listening on port 5000',
  level: 'info',
  label: 'PH',
  timestamp: '2023-06-14T10:14:16.469Z'
}
{
  message: ' Database is Connected Successfully',
  level: 'info',
  label: 'PH',
  timestamp: '2023-06-14T10:16:36.416Z'
}
{
  message: 'App Listening on port 5000',
  level: 'info',
  label: 'PH',
  timestamp: '2023-06-14T10:16:36.481Z'
}
{
  message: ' Database is Connected Successfully',
  level: 'info',
  label: 'PH',
  timestamp: '2023-06-14T10:17:41.223Z'
}
{
  message: 'App Listening on port 5000',
  level: 'info',
  label: 'PH',
  timestamp: '2023-06-14T10:17:41.233Z'
}
{
  message: ' Database is Connected Successfully',
  level: 'info',
  label: 'PH',
  timestamp: '2023-06-14T10:18:22.321Z'
}
{
  message: 'App Listening on port 5000',
  level: 'info',
  label: 'PH',
  timestamp: '2023-06-14T10:18:22.337Z'
}
{
  message: ' Database is Connected Successfully',
  level: 'info',
  label: 'PH',
  timestamp: '2023-06-14T10:19:20.795Z'
}
{
  message: 'App Listening on port 5000',
  level: 'info',
  label: 'PH',
  timestamp: '2023-06-14T10:19:20.854Z'
}
{
  message: ' Database is Connected Successfully',
  level: 'info',
  label: 'PH',
  timestamp: '2023-06-14T10:21:19.749Z'
}
{
  message: 'App Listening on port 5000',
  level: 'info',
  label: 'PH',
  timestamp: '2023-06-14T10:21:19.761Z'
}
{
  message: ' Database is Connected Successfully',
  level: 'info',
  label: 'PH',
  timestamp: '2023-06-14T10:34:48.137Z'
}
{
  message: 'App Listening on port 5000',
  level: 'info',
  label: 'PH',
  timestamp: '2023-06-14T10:34:48.174Z'
}
{
  message: ' Database is Connected Successfully',
  level: 'info',
  label: 'PH',
  timestamp: '2023-06-14T10:35:31.248Z'
}
{
  message: 'App Listening on port 5000',
  level: 'info',
  label: 'PH',
  timestamp: '2023-06-14T10:35:31.352Z'
}
{
  message: ' Database is Connected Successfully',
  level: 'info',
  label: 'PH',
  timestamp: '2023-06-14T10:36:41.483Z'
}
{
  message: 'App Listening on port 5000',
  level: 'info',
  label: 'PH',
  timestamp: '2023-06-14T10:36:41.560Z'
}
{
  message: ' Database is Connected Successfully',
  level: 'info',
  label: 'PH',
  timestamp: '2023-06-14T10:36:54.618Z'
}
{
  message: 'App Listening on port 5000',
  level: 'info',
  label: 'PH',
  timestamp: '2023-06-14T10:36:54.714Z'
}
