{
  message: ' Database is Connected Successfully',
  level: 'info',
  label: 'PH',
  timestamp: '2023-06-21T04:17:25.412Z'
}
{
  message: 'App Listening on port 5000',
  level: 'info',
  label: 'PH',
  timestamp: '2023-06-21T04:17:25.546Z'
}
{
  message: ' Database is Connected Successfully',
  level: 'info',
  label: 'PH',
  timestamp: '2023-06-21T04:20:36.923Z'
}
{
  message: 'App Listening on port 5000',
  level: 'info',
  label: 'PH',
  timestamp: '2023-06-21T04:20:37.034Z'
}
{
  message: ' Database is Connected Successfully',
  level: 'info',
  label: 'PH',
  timestamp: '2023-06-21T04:23:45.700Z'
}
{
  message: 'App Listening on port 5000',
  level: 'info',
  label: 'PH',
  timestamp: '2023-06-21T04:23:45.712Z'
}
{
  message: ' Database is Connected Successfully',
  level: 'info',
  label: 'PH',
  timestamp: '2023-06-21T04:25:06.190Z'
}
{
  message: 'App Listening on port 5000',
  level: 'info',
  label: 'PH',
  timestamp: '2023-06-21T04:25:06.205Z'
}
{
  message: ' Database is Connected Successfully',
  level: 'info',
  label: 'PH',
  timestamp: '2023-06-21T04:25:44.945Z'
}
{
  message: 'App Listening on port 5000',
  level: 'info',
  label: 'PH',
  timestamp: '2023-06-21T04:25:44.961Z'
}
{
  message: ' Database is Connected Successfully',
  level: 'info',
  label: 'PH',
  timestamp: '2023-06-21T04:38:54.972Z'
}
{
  message: 'App Listening on port 5000',
  level: 'info',
  label: 'PH',
  timestamp: '2023-06-21T04:38:54.985Z'
}
{
  message: ' Database is Connected Successfully',
  level: 'info',
  label: 'PH',
  timestamp: '2023-06-21T04:40:25.269Z'
}
{
  message: 'App Listening on port 5000',
  level: 'info',
  label: 'PH',
  timestamp: '2023-06-21T04:40:25.282Z'
}
{
  message: ' Database is Connected Successfully',
  level: 'info',
  label: 'PH',
  timestamp: '2023-06-21T04:40:50.051Z'
}
{
  message: 'App Listening on port 5000',
  level: 'info',
  label: 'PH',
  timestamp: '2023-06-21T04:40:50.100Z'
}
{
  message: ' Database is Connected Successfully',
  level: 'info',
  label: 'PH',
  timestamp: '2023-06-21T04:41:37.556Z'
}
{
  message: 'App Listening on port 5000',
  level: 'info',
  label: 'PH',
  timestamp: '2023-06-21T04:41:37.574Z'
}
{
  message: ' Database is Connected Successfully',
  level: 'info',
  label: 'PH',
  timestamp: '2023-06-21T04:42:29.186Z'
}
{
  message: 'App Listening on port 5000',
  level: 'info',
  label: 'PH',
  timestamp: '2023-06-21T04:42:29.202Z'
}
{
  message: ' Database is Connected Successfully',
  level: 'info',
  label: 'PH',
  timestamp: '2023-06-21T04:42:35.943Z'
}
{
  message: 'App Listening on port 5000',
  level: 'info',
  label: 'PH',
  timestamp: '2023-06-21T04:42:35.956Z'
}
{
  message: ' Database is Connected Successfully',
  level: 'info',
  label: 'PH',
  timestamp: '2023-06-21T04:43:38.877Z'
}
{
  message: 'App Listening on port 5000',
  level: 'info',
  label: 'PH',
  timestamp: '2023-06-21T04:43:38.890Z'
}
{
  message: ' Database is Connected Successfully',
  level: 'info',
  label: 'PH',
  timestamp: '2023-06-21T04:44:26.873Z'
}
{
  message: 'App Listening on port 5000',
  level: 'info',
  label: 'PH',
  timestamp: '2023-06-21T04:44:26.885Z'
}
{
  message: ' Database is Connected Successfully',
  level: 'info',
  label: 'PH',
  timestamp: '2023-06-21T04:45:47.279Z'
}
{
  message: 'App Listening on port 5000',
  level: 'info',
  label: 'PH',
  timestamp: '2023-06-21T04:45:47.327Z'
}
{
  message: ' Database is Connected Successfully',
  level: 'info',
  label: 'PH',
  timestamp: '2023-06-21T04:46:15.626Z'
}
{
  message: 'App Listening on port 5000',
  level: 'info',
  label: 'PH',
  timestamp: '2023-06-21T04:46:15.642Z'
}
{
  message: ' Database is Connected Successfully',
  level: 'info',
  label: 'PH',
  timestamp: '2023-06-21T04:46:28.696Z'
}
{
  message: 'App Listening on port 5000',
  level: 'info',
  label: 'PH',
  timestamp: '2023-06-21T04:46:28.708Z'
}
{
  message: ' Database is Connected Successfully',
  level: 'info',
  label: 'PH',
  timestamp: '2023-06-21T04:46:38.276Z'
}
{
  message: 'App Listening on port 5000',
  level: 'info',
  label: 'PH',
  timestamp: '2023-06-21T04:46:38.291Z'
}
{
  message: ' Database is Connected Successfully',
  level: 'info',
  label: 'PH',
  timestamp: '2023-06-21T04:47:23.926Z'
}
{
  message: 'App Listening on port 5000',
  level: 'info',
  label: 'PH',
  timestamp: '2023-06-21T04:47:23.991Z'
}
{
  message: ' Database is Connected Successfully',
  level: 'info',
  label: 'PH',
  timestamp: '2023-06-21T04:48:45.946Z'
}
{
  message: 'App Listening on port 5000',
  level: 'info',
  label: 'PH',
  timestamp: '2023-06-21T04:48:45.959Z'
}
{
  message: ' Database is Connected Successfully',
  level: 'info',
  label: 'PH',
  timestamp: '2023-06-21T04:50:10.488Z'
}
{
  message: 'App Listening on port 5000',
  level: 'info',
  label: 'PH',
  timestamp: '2023-06-21T04:50:10.504Z'
}
{
  message: ' Database is Connected Successfully',
  level: 'info',
  label: 'PH',
  timestamp: '2023-06-21T04:51:01.170Z'
}
{
  message: 'App Listening on port 5000',
  level: 'info',
  label: 'PH',
  timestamp: '2023-06-21T04:51:01.251Z'
}
{
  message: ' Database is Connected Successfully',
  level: 'info',
  label: 'PH',
  timestamp: '2023-06-21T04:52:13.675Z'
}
{
  message: 'App Listening on port 5000',
  level: 'info',
  label: 'PH',
  timestamp: '2023-06-21T04:52:13.732Z'
}
{
  message: ' Database is Connected Successfully',
  level: 'info',
  label: 'PH',
  timestamp: '2023-06-21T04:52:22.598Z'
}
{
  message: 'App Listening on port 5000',
  level: 'info',
  label: 'PH',
  timestamp: '2023-06-21T04:52:22.614Z'
}
