{
  message: ' Database is Connected Successfully',
  level: 'info',
  label: 'PH',
  timestamp: '2023-06-15T14:11:46.334Z'
}
{
  message: 'App Listening on port 5000',
  level: 'info',
  label: 'PH',
  timestamp: '2023-06-15T14:11:46.389Z'
}
{
  message: ' Database is Connected Successfully',
  level: 'info',
  label: 'PH',
  timestamp: '2023-06-15T14:12:14.057Z'
}
{
  message: 'App Listening on port 5000',
  level: 'info',
  label: 'PH',
  timestamp: '2023-06-15T14:12:14.101Z'
}
{
  message: ' Database is Connected Successfully',
  level: 'info',
  label: 'PH',
  timestamp: '2023-06-15T14:21:28.886Z'
}
{
  message: 'App Listening on port 5000',
  level: 'info',
  label: 'PH',
  timestamp: '2023-06-15T14:21:28.933Z'
}
{
  message: ' Database is Connected Successfully',
  level: 'info',
  label: 'PH',
  timestamp: '2023-06-15T14:22:01.849Z'
}
{
  message: 'App Listening on port 5000',
  level: 'info',
  label: 'PH',
  timestamp: '2023-06-15T14:22:01.875Z'
}
{
  message: ' Database is Connected Successfully',
  level: 'info',
  label: 'PH',
  timestamp: '2023-06-15T14:23:08.729Z'
}
{
  message: 'App Listening on port 5000',
  level: 'info',
  label: 'PH',
  timestamp: '2023-06-15T14:23:08.808Z'
}
