{
  message: ' Database is Connected Successfully',
  level: 'info',
  label: 'PH',
  timestamp: '2023-06-13T08:38:30.167Z'
}
{
  message: 'App Listening on port 5000',
  level: 'info',
  label: 'PH',
  timestamp: '2023-06-13T08:38:30.254Z'
}
{
  message: ' Database is Connected Successfully',
  level: 'info',
  label: 'PH',
  timestamp: '2023-06-13T08:40:04.809Z'
}
{
  message: 'App Listening on port 5000',
  level: 'info',
  label: 'PH',
  timestamp: '2023-06-13T08:40:04.855Z'
}
{
  message: ' Database is Connected Successfully',
  level: 'info',
  label: 'PH',
  timestamp: '2023-06-13T08:46:06.748Z'
}
{
  message: 'App Listening on port 5000',
  level: 'info',
  label: 'PH',
  timestamp: '2023-06-13T08:46:06.802Z'
}
{
  message: ' Database is Connected Successfully',
  level: 'info',
  label: 'PH',
  timestamp: '2023-06-13T08:47:50.257Z'
}
{
  message: 'App Listening on port 5000',
  level: 'info',
  label: 'PH',
  timestamp: '2023-06-13T08:47:50.268Z'
}
{
  message: ' Database is Connected Successfully',
  level: 'info',
  label: 'PH',
  timestamp: '2023-06-13T08:59:18.541Z'
}
{
  message: 'App Listening on port 5000',
  level: 'info',
  label: 'PH',
  timestamp: '2023-06-13T08:59:18.596Z'
}
{
  message: ' Database is Connected Successfully',
  level: 'info',
  label: 'PH',
  timestamp: '2023-06-13T08:59:44.789Z'
}
{
  message: 'App Listening on port 5000',
  level: 'info',
  label: 'PH',
  timestamp: '2023-06-13T08:59:44.800Z'
}
